# JRE version: Java(TM) SE Runtime Environment (8.0_191-b12) (build 1.8.0_191-b12)
# Java VM: Java HotSpot(TM) Client VM (25.191-b12 mixed mode windows-x86 )
Heap:
 def new generation   total 72128K, used 48320K [0x05400000, 0x0a240000, 0x0fea0000)
  eden space 64128K,  74% used [0x05400000, 0x082ddea8, 0x092a0000)
  from space 8000K,   4% used [0x092a0000, 0x092f2178, 0x09a70000)
  to   space 8000K,   0% used [0x09a70000, 0x09a70000, 0x0a240000)
 tenured generation   total 160176K, used 127735K [0x0fea0000, 0x19b0c000, 0x25400000)
   the space 160176K,  79% used [0x0fea0000, 0x17b5df30, 0x17b5e000, 0x19b0c000)
 Metaspace       used 25407K, capacity 26043K, committed 26112K, reserved 27008K
GC Heap History (10 events):
Event: 2137.742 GC heap before
{Heap before GC invocations=20 (full 3):
 def new generation   total 72128K, used 67871K [0x05400000, 0x0a240000, 0x0fea0000)
  eden space 64128K,  99% used [0x05400000, 0x09292d88, 0x092a0000)
  from space 8000K,  47% used [0x09a70000, 0x09e25170, 0x0a240000)
  to   space 8000K,   0% used [0x092a0000, 0x092a0000, 0x09a70000)
 tenured generation   total 160176K, used 108121K [0x0fea0000, 0x19b0c000, 0x25400000)
   the space 160176K,  67% used [0x0fea0000, 0x16836600, 0x16836600, 0x19b0c000)
 Metaspace       used 25407K, capacity 26043K, committed 26112K, reserved 27008K
Event: 2137.758 GC heap after
Heap after GC invocations=21 (full 3):
 def new generation   total 72128K, used 6076K [0x05400000, 0x0a240000, 0x0fea0000)
  eden space 64128K,   0% used [0x05400000, 0x05400000, 0x092a0000)
  from space 8000K,  75% used [0x092a0000, 0x0988f128, 0x09a70000)
  to   space 8000K,   0% used [0x09a70000, 0x09a70000, 0x0a240000)
 tenured generation   total 160176K, used 108121K [0x0fea0000, 0x19b0c000, 0x25400000)
   the space 160176K,  67% used [0x0fea0000, 0x16836600, 0x16836600, 0x19b0c000)
 Metaspace       used 25407K, capacity 26043K, committed 26112K, reserved 27008K
}
Event: 2209.792 GC heap before
{Heap before GC invocations=21 (full 3):
 def new generation   total 72128K, used 70204K [0x05400000, 0x0a240000, 0x0fea0000)
  eden space 64128K, 100% used [0x05400000, 0x092a0000, 0x092a0000)
  from space 8000K,  75% used [0x092a0000, 0x0988f128, 0x09a70000)
  to   space 8000K,   0% used [0x09a70000, 0x09a70000, 0x0a240000)
 tenured generation   total 160176K, used 108121K [0x0fea0000, 0x19b0c000, 0x25400000)
   the space 160176K,  67% used [0x0fea0000, 0x16836600, 0x16836600, 0x19b0c000)
 Metaspace       used 25407K, capacity 26043K, committed 26112K, reserved 27008K
Event: 2209.801 GC heap after
Heap after GC invocations=22 (full 3):
 def new generation   total 72128K, used 5947K [0x05400000, 0x0a240000, 0x0fea0000)
  eden space 64128K,   0% used [0x05400000, 0x05400000, 0x092a0000)
  from space 8000K,  74% used [0x09a70000, 0x0a03ece0, 0x0a240000)
  to   space 8000K,   0% used [0x092a0000, 0x092a0000, 0x09a70000)
 tenured generation   total 160176K, used 109097K [0x0fea0000, 0x19b0c000, 0x25400000)
   the space 160176K,  68% used [0x0fea0000, 0x1692a408, 0x1692a600, 0x19b0c000)
 Metaspace       used 25407K, capacity 26043K, committed 26112K, reserved 27008K
}
Event: 2241.216 GC heap before
{Heap before GC invocations=22 (full 3):
 def new generation   total 72128K, used 63127K [0x05400000, 0x0a240000, 0x0fea0000)
  eden space 64128K,  89% used [0x05400000, 0x08bd7090, 0x092a0000)
  from space 8000K,  74% used [0x09a70000, 0x0a03ece0, 0x0a240000)
  to   space 8000K,   0% used [0x092a0000, 0x092a0000, 0x09a70000)
 tenured generation   total 160176K, used 109097K [0x0fea0000, 0x19b0c000, 0x25400000)
   the space 160176K,  68% used [0x0fea0000, 0x1692a408, 0x1692a600, 0x19b0c000)
 Metaspace       used 25407K, capacity 26043K, committed 26112K, reserved 27008K
Event: 2241.224 GC heap after
Heap after GC invocations=23 (full 3):
 def new generation   total 72128K, used 6966K [0x05400000, 0x0a240000, 0x0fea0000)
  eden space 64128K,   0% used [0x05400000, 0x05400000, 0x092a0000)
  from space 8000K,  87% used [0x092a0000, 0x0996da10, 0x09a70000)
  to   space 8000K,   0% used [0x09a70000, 0x09a70000, 0x0a240000)
 tenured generation   total 160176K, used 109166K [0x0fea0000, 0x19b0c000, 0x25400000)
   the space 160176K,  68% used [0x0fea0000, 0x1693ba10, 0x1693bc00, 0x19b0c000)
 Metaspace       used 25407K, capacity 26043K, committed 26112K, reserved 27008K
}
Event: 2313.625 GC heap before
{Heap before GC invocations=23 (full 3):
 def new generation   total 72128K, used 71094K [0x05400000, 0x0a240000, 0x0fea0000)
  eden space 64128K, 100% used [0x05400000, 0x092a0000, 0x092a0000)
  from space 8000K,  87% used [0x092a0000, 0x0996da10, 0x09a70000)
  to   space 8000K,   0% used [0x09a70000, 0x09a70000, 0x0a240000)
 tenured generation   total 160176K, used 109166K [0x0fea0000, 0x19b0c000, 0x25400000)
   the space 160176K,  68% used [0x0fea0000, 0x1693ba10, 0x1693bc00, 0x19b0c000)
 Metaspace       used 25407K, capacity 26043K, committed 26112K, reserved 27008K
Event: 2313.647 GC heap after
Heap after GC invocations=24 (full 3):
 def new generation   total 72128K, used 62K [0x05400000, 0x0a240000, 0x0fea0000)
  eden space 64128K,   0% used [0x05400000, 0x05400000, 0x092a0000)
  from space 8000K,   0% used [0x09a70000, 0x09a7f980, 0x0a240000)
  to   space 8000K,   0% used [0x092a0000, 0x092a0000, 0x09a70000)
 tenured generation   total 160176K, used 118159K [0x0fea0000, 0x19b0c000, 0x25400000)
   the space 160176K,  73% used [0x0fea0000, 0x17203d30, 0x17203e00, 0x19b0c000)
 Metaspace       used 25407K, capacity 26043K, committed 26112K, reserved 27008K
}
Event: 2340.601 GC heap before
{Heap before GC invocations=24 (full 3):
 def new generation   total 72128K, used 64190K [0x05400000, 0x0a240000, 0x0fea0000)
  eden space 64128K, 100% used [0x05400000, 0x092a0000, 0x092a0000)
  from space 8000K,   0% used [0x09a70000, 0x09a7f980, 0x0a240000)
  to   space 8000K,   0% used [0x092a0000, 0x092a0000, 0x09a70000)
 tenured generation   total 160176K, used 118159K [0x0fea0000, 0x19b0c000, 0x25400000)
   the space 160176K,  73% used [0x0fea0000, 0x17203d30, 0x17203e00, 0x19b0c000)
 Metaspace       used 25407K, capacity 26043K, committed 26112K, reserved 27008K
Event: 2340.626 GC heap after
Heap after GC invocations=25 (full 3):
 def new generation   total 72128K, used 328K [0x05400000, 0x0a240000, 0x0fea0000)
  eden space 64128K,   0% used [0x05400000, 0x05400000, 0x092a0000)
  from space 8000K,   4% used [0x092a0000, 0x092f2178, 0x09a70000)
  to   space 8000K,   0% used [0x09a70000, 0x09a70000, 0x0a240000)
 tenured generation   total 160176K, used 127735K [0x0fea0000, 0x19b0c000, 0x25400000)
   the space 160176K,  79% used [0x0fea0000, 0x17b5df30, 0x17b5e000, 0x19b0c000)
 Metaspace       used 25407K, capacity 26043K, committed 26112K, reserved 27008K
}

